{"C:\\Users\\Bruker\\Documents\\git\\gr2050\\foundly\\web-client\\src\\App.vue": {"path":"C:\\Users\\Bruker\\Documents\\git\\gr2050\\foundly\\web-client\\src\\App.vue","statementMap":{"0":{"start":{"line":24,"column":0},"end":{"line":24,"column":null}},"1":{"start":{"line":25,"column":0},"end":{"line":25,"column":null}},"2":{"start":{"line":33,"column":0},"end":{"line":33,"column":null}},"3":{"start":{"line":40,"column":0},"end":{"line":40,"column":null}},"4":{"start":{"line":41,"column":0},"end":{"line":41,"column":null}},"5":{"start":{"line":44,"column":0},"end":{"line":51,"column":null}},"6":{"start":{"line":46,"column":0},"end":{"line":46,"column":null}},"7":{"start":{"line":47,"column":0},"end":{"line":47,"column":null}},"8":{"start":{"line":50,"column":0},"end":{"line":50,"column":null}}},"fnMap":{"0":{"name":"(anonymous_1)","decl":{"start":{"line":32,"column":0},"end":{"line":32,"column":null}},"loc":{"start":{"line":32,"column":0},"end":{"line":37,"column":null}}},"1":{"name":"(anonymous_2)","decl":{"start":{"line":39,"column":0},"end":{"line":39,"column":null}},"loc":{"start":{"line":39,"column":0},"end":{"line":42,"column":null}}},"2":{"name":"(anonymous_3)","decl":{"start":{"line":43,"column":0},"end":{"line":43,"column":null}},"loc":{"start":{"line":43,"column":0},"end":{"line":52,"column":null}}},"3":{"name":"(anonymous_4)","decl":{"start":{"line":44,"column":0},"end":{"line":44,"column":null}},"loc":{"start":{"line":44,"column":0},"end":{"line":48,"column":null}}},"4":{"name":"(anonymous_5)","decl":{"start":{"line":48,"column":0},"end":{"line":48,"column":null}},"loc":{"start":{"line":48,"column":0},"end":{"line":51,"column":null}}}},"branchMap":{},"s":{"0":1,"1":1,"2":1,"3":2,"4":2,"5":2,"6":1,"7":1,"8":0},"f":{"0":1,"1":2,"2":2,"3":1,"4":0},"b":{}}
,"C:\\Users\\Bruker\\Documents\\git\\gr2050\\foundly\\web-client\\src\\http-common.js": {"path":"C:\\Users\\Bruker\\Documents\\git\\gr2050\\foundly\\web-client\\src\\http-common.js","statementMap":{"0":{"start":{"line":3,"column":13},"end":{"line":3,"column":37}},"1":{"start":{"line":4,"column":13},"end":{"line":4,"column":33}},"2":{"start":{"line":10,"column":0},"end":{"line":10,"column":43}}},"fnMap":{},"branchMap":{"0":{"loc":{"start":{"line":10,"column":9},"end":{"line":10,"column":42}},"type":"cond-expr","locations":[{"start":{"line":10,"column":29},"end":{"line":10,"column":33}},{"start":{"line":10,"column":36},"end":{"line":10,"column":42}}],"line":10}},"s":{"0":4,"1":4,"2":4},"f":{},"b":{"0":[4,0]},"_coverageSchema":"43e27e138ebf9cfc5966b082cf9a028302ed4184","hash":"b077a2e0821a53ca02f949593eaef50ab9098ca8"}
,"C:\\Users\\Bruker\\Documents\\git\\gr2050\\foundly\\web-client\\src\\assets\\js\\filters.js": {"path":"C:\\Users\\Bruker\\Documents\\git\\gr2050\\foundly\\web-client\\src\\assets\\js\\filters.js","statementMap":{"0":{"start":{"line":3,"column":15},"end":{"line":3,"column":32}},"1":{"start":{"line":4,"column":0},"end":{"line":4,"column":28}},"2":{"start":{"line":7,"column":0},"end":{"line":7,"column":82}},"3":{"start":{"line":7,"column":35},"end":{"line":7,"column":80}},"4":{"start":{"line":10,"column":0},"end":{"line":15,"column":3}},"5":{"start":{"line":11,"column":2},"end":{"line":13,"column":3}},"6":{"start":{"line":12,"column":4},"end":{"line":12,"column":38}},"7":{"start":{"line":14,"column":2},"end":{"line":14,"column":14}}},"fnMap":{"0":{"name":"(anonymous_0)","decl":{"start":{"line":7,"column":25},"end":{"line":7,"column":26}},"loc":{"start":{"line":7,"column":35},"end":{"line":7,"column":80}},"line":7},"1":{"name":"(anonymous_1)","decl":{"start":{"line":10,"column":23},"end":{"line":10,"column":24}},"loc":{"start":{"line":10,"column":33},"end":{"line":15,"column":1}},"line":10}},"branchMap":{"0":{"loc":{"start":{"line":11,"column":2},"end":{"line":13,"column":3}},"type":"if","locations":[{"start":{"line":11,"column":2},"end":{"line":13,"column":3}},{"start":{"line":11,"column":2},"end":{"line":13,"column":3}}],"line":11}},"s":{"0":1,"1":1,"2":1,"3":14,"4":1,"5":8,"6":8,"7":0},"f":{"0":14,"1":8},"b":{"0":[8,0]},"_coverageSchema":"43e27e138ebf9cfc5966b082cf9a028302ed4184","hash":"3240ce5c3eba3df45ef3301f307260175db91621"}
,"C:\\Users\\Bruker\\Documents\\git\\gr2050\\foundly\\web-client\\src\\components\\FileUpload.vue": {"path":"C:\\Users\\Bruker\\Documents\\git\\gr2050\\foundly\\web-client\\src\\components\\FileUpload.vue","statementMap":{"0":{"start":{"line":46,"column":0},"end":{"line":46,"column":null}},"1":{"start":{"line":51,"column":0},"end":{"line":51,"column":null}},"2":{"start":{"line":62,"column":0},"end":{"line":62,"column":null}},"3":{"start":{"line":63,"column":0},"end":{"line":63,"column":null}},"4":{"start":{"line":64,"column":0},"end":{"line":64,"column":null}},"5":{"start":{"line":65,"column":0},"end":{"line":65,"column":null}},"6":{"start":{"line":66,"column":0},"end":{"line":66,"column":null}},"7":{"start":{"line":69,"column":0},"end":{"line":75,"column":null}},"8":{"start":{"line":71,"column":0},"end":{"line":71,"column":null}},"9":{"start":{"line":73,"column":0},"end":{"line":73,"column":null}},"10":{"start":{"line":74,"column":0},"end":{"line":74,"column":null}},"11":{"start":{"line":78,"column":0},"end":{"line":87,"column":null}},"12":{"start":{"line":80,"column":0},"end":{"line":80,"column":null}},"13":{"start":{"line":81,"column":0},"end":{"line":81,"column":null}},"14":{"start":{"line":84,"column":0},"end":{"line":84,"column":null}},"15":{"start":{"line":85,"column":0},"end":{"line":85,"column":null}},"16":{"start":{"line":86,"column":0},"end":{"line":86,"column":null}},"17":{"start":{"line":89,"column":0},"end":{"line":89,"column":null}},"18":{"start":{"line":94,"column":0},"end":{"line":94,"column":null}}},"fnMap":{"0":{"name":"(anonymous_1)","decl":{"start":{"line":50,"column":0},"end":{"line":50,"column":null}},"loc":{"start":{"line":50,"column":0},"end":{"line":58,"column":null}}},"1":{"name":"(anonymous_2)","decl":{"start":{"line":61,"column":0},"end":{"line":61,"column":null}},"loc":{"start":{"line":61,"column":0},"end":{"line":67,"column":null}}},"2":{"name":"(anonymous_3)","decl":{"start":{"line":68,"column":0},"end":{"line":68,"column":null}},"loc":{"start":{"line":68,"column":0},"end":{"line":76,"column":null}}},"3":{"name":"(anonymous_4)","decl":{"start":{"line":77,"column":0},"end":{"line":77,"column":null}},"loc":{"start":{"line":77,"column":0},"end":{"line":90,"column":null}}},"4":{"name":"(anonymous_5)","decl":{"start":{"line":78,"column":0},"end":{"line":78,"column":null}},"loc":{"start":{"line":78,"column":0},"end":{"line":82,"column":null}}},"5":{"name":"(anonymous_6)","decl":{"start":{"line":82,"column":0},"end":{"line":82,"column":null}},"loc":{"start":{"line":82,"column":0},"end":{"line":87,"column":null}}},"6":{"name":"(anonymous_7)","decl":{"start":{"line":93,"column":0},"end":{"line":93,"column":null}},"loc":{"start":{"line":93,"column":0},"end":{"line":95,"column":null}}}},"branchMap":{"0":{"loc":{"start":{"line":69,"column":0},"end":{"line":75,"column":null}},"type":"if","locations":[{"start":{"line":69,"column":0},"end":{"line":75,"column":null}},{"start":{"line":69,"column":0},"end":{"line":75,"column":null}}]},"1":{"loc":{"start":{"line":69,"column":0},"end":{"line":69,"column":null}},"type":"binary-expr","locations":[{"start":{"line":69,"column":0},"end":{"line":69,"column":null}},{"start":{"line":69,"column":0},"end":{"line":69,"column":null}}]}},"s":{"0":3,"1":2,"2":3,"3":3,"4":3,"5":3,"6":3,"7":4,"8":3,"9":1,"10":1,"11":3,"12":1,"13":1,"14":1,"15":1,"16":1,"17":3,"18":2},"f":{"0":2,"1":3,"2":4,"3":3,"4":1,"5":1,"6":2},"b":{"0":[3,1],"1":[4,4]}}
,"C:\\Users\\Bruker\\Documents\\git\\gr2050\\foundly\\web-client\\src\\components\\ItemModal.vue": {"path":"C:\\Users\\Bruker\\Documents\\git\\gr2050\\foundly\\web-client\\src\\components\\ItemModal.vue","statementMap":{"0":{"start":{"line":91,"column":0},"end":{"line":91,"column":null}},"1":{"start":{"line":96,"column":0},"end":{"line":96,"column":null}},"2":{"start":{"line":105,"column":0},"end":{"line":105,"column":null}},"3":{"start":{"line":134,"column":0},"end":{"line":134,"column":null}},"4":{"start":{"line":135,"column":0},"end":{"line":135,"column":null}},"5":{"start":{"line":142,"column":0},"end":{"line":142,"column":null}},"6":{"start":{"line":143,"column":0},"end":{"line":157,"column":null}},"7":{"start":{"line":144,"column":0},"end":{"line":144,"column":null}},"8":{"start":{"line":146,"column":0},"end":{"line":146,"column":null}},"9":{"start":{"line":148,"column":0},"end":{"line":150,"column":null}},"10":{"start":{"line":149,"column":0},"end":{"line":149,"column":null}},"11":{"start":{"line":151,"column":0},"end":{"line":151,"column":null}},"12":{"start":{"line":153,"column":0},"end":{"line":153,"column":null}},"13":{"start":{"line":154,"column":0},"end":{"line":156,"column":null}},"14":{"start":{"line":155,"column":0},"end":{"line":155,"column":null}}},"fnMap":{"0":{"name":"(anonymous_1)","decl":{"start":{"line":104,"column":0},"end":{"line":104,"column":null}},"loc":{"start":{"line":104,"column":0},"end":{"line":116,"column":null}}},"1":{"name":"(anonymous_2)","decl":{"start":{"line":133,"column":0},"end":{"line":133,"column":null}},"loc":{"start":{"line":133,"column":0},"end":{"line":136,"column":null}}},"2":{"name":"(anonymous_3)","decl":{"start":{"line":141,"column":0},"end":{"line":141,"column":null}},"loc":{"start":{"line":141,"column":0},"end":{"line":158,"column":null}}},"3":{"name":"(anonymous_4)","decl":{"start":{"line":154,"column":0},"end":{"line":154,"column":null}},"loc":{"start":{"line":154,"column":0},"end":{"line":156,"column":null}}},"4":{"name":"(anonymous_5)","decl":{"start":{"line":160,"column":0},"end":{"line":160,"column":null}},"loc":{"start":{"line":160,"column":0},"end":{"line":160,"column":null}}}},"branchMap":{"0":{"loc":{"start":{"line":143,"column":0},"end":{"line":157,"column":null}},"type":"if","locations":[{"start":{"line":143,"column":0},"end":{"line":157,"column":null}},{"start":{"line":143,"column":0},"end":{"line":157,"column":null}}]},"1":{"loc":{"start":{"line":148,"column":0},"end":{"line":150,"column":null}},"type":"if","locations":[{"start":{"line":148,"column":0},"end":{"line":150,"column":null}},{"start":{"line":148,"column":0},"end":{"line":150,"column":null}}]}},"s":{"0":2,"1":2,"2":1,"3":3,"4":3,"5":12,"6":12,"7":9,"8":3,"9":3,"10":1,"11":3,"12":3,"13":3,"14":0},"f":{"0":1,"1":3,"2":12,"3":0,"4":1},"b":{"0":[9,3],"1":[1,2]}}
,"C:\\Users\\Bruker\\Documents\\git\\gr2050\\foundly\\web-client\\src\\components\\ItemsList.vue": {"path":"C:\\Users\\Bruker\\Documents\\git\\gr2050\\foundly\\web-client\\src\\components\\ItemsList.vue","statementMap":{"0":{"start":{"line":72,"column":0},"end":{"line":72,"column":null}},"1":{"start":{"line":77,"column":0},"end":{"line":77,"column":null}},"2":{"start":{"line":85,"column":0},"end":{"line":85,"column":null}},"3":{"start":{"line":88,"column":0},"end":{"line":88,"column":null}},"4":{"start":{"line":91,"column":0},"end":{"line":91,"column":null}},"5":{"start":{"line":94,"column":0},"end":{"line":94,"column":null}},"6":{"start":{"line":97,"column":0},"end":{"line":97,"column":null}},"7":{"start":{"line":103,"column":0},"end":{"line":110,"column":null}},"8":{"start":{"line":106,"column":0},"end":{"line":106,"column":null}},"9":{"start":{"line":109,"column":0},"end":{"line":109,"column":null}},"10":{"start":{"line":114,"column":0},"end":{"line":114,"column":null}},"11":{"start":{"line":115,"column":0},"end":{"line":117,"column":null}},"12":{"start":{"line":116,"column":0},"end":{"line":116,"column":null}}},"fnMap":{"0":{"name":"(anonymous_1)","decl":{"start":{"line":76,"column":0},"end":{"line":76,"column":null}},"loc":{"start":{"line":76,"column":0},"end":{"line":82,"column":null}}},"1":{"name":"(anonymous_2)","decl":{"start":{"line":84,"column":0},"end":{"line":84,"column":null}},"loc":{"start":{"line":84,"column":0},"end":{"line":86,"column":null}}},"2":{"name":"(anonymous_3)","decl":{"start":{"line":87,"column":0},"end":{"line":87,"column":null}},"loc":{"start":{"line":87,"column":0},"end":{"line":89,"column":null}}},"3":{"name":"(anonymous_4)","decl":{"start":{"line":90,"column":0},"end":{"line":90,"column":null}},"loc":{"start":{"line":90,"column":0},"end":{"line":92,"column":null}}},"4":{"name":"(anonymous_5)","decl":{"start":{"line":91,"column":0},"end":{"line":91,"column":null}},"loc":{"start":{"line":91,"column":0},"end":{"line":91,"column":null}}},"5":{"name":"(anonymous_6)","decl":{"start":{"line":93,"column":0},"end":{"line":93,"column":null}},"loc":{"start":{"line":93,"column":0},"end":{"line":95,"column":null}}},"6":{"name":"(anonymous_7)","decl":{"start":{"line":94,"column":0},"end":{"line":94,"column":null}},"loc":{"start":{"line":94,"column":0},"end":{"line":94,"column":null}}},"7":{"name":"(anonymous_8)","decl":{"start":{"line":96,"column":0},"end":{"line":96,"column":null}},"loc":{"start":{"line":96,"column":0},"end":{"line":99,"column":null}}},"8":{"name":"(anonymous_9)","decl":{"start":{"line":97,"column":0},"end":{"line":97,"column":null}},"loc":{"start":{"line":97,"column":0},"end":{"line":97,"column":null}}},"9":{"name":"(anonymous_10)","decl":{"start":{"line":102,"column":0},"end":{"line":102,"column":null}},"loc":{"start":{"line":102,"column":0},"end":{"line":111,"column":null}}},"10":{"name":"(anonymous_11)","decl":{"start":{"line":103,"column":0},"end":{"line":103,"column":null}},"loc":{"start":{"line":103,"column":0},"end":{"line":107,"column":null}}},"11":{"name":"(anonymous_12)","decl":{"start":{"line":107,"column":0},"end":{"line":107,"column":null}},"loc":{"start":{"line":107,"column":0},"end":{"line":110,"column":null}}},"12":{"name":"(anonymous_13)","decl":{"start":{"line":113,"column":0},"end":{"line":113,"column":null}},"loc":{"start":{"line":113,"column":0},"end":{"line":118,"column":null}}},"13":{"name":"(anonymous_14)","decl":{"start":{"line":115,"column":0},"end":{"line":115,"column":null}},"loc":{"start":{"line":115,"column":0},"end":{"line":117,"column":null}}}},"branchMap":{"0":{"loc":{"start":{"line":97,"column":0},"end":{"line":97,"column":null}},"type":"binary-expr","locations":[{"start":{"line":97,"column":0},"end":{"line":97,"column":null}},{"start":{"line":97,"column":0},"end":{"line":97,"column":null}}]}},"s":{"0":1,"1":1,"2":5,"3":2,"4":5,"5":5,"6":23,"7":3,"8":1,"9":1,"10":1,"11":1,"12":1},"f":{"0":1,"1":5,"2":2,"3":1,"4":4,"5":1,"6":4,"7":6,"8":17,"9":3,"10":1,"11":1,"12":1,"13":1},"b":{"0":[17,5]}}
,"C:\\Users\\Bruker\\Documents\\git\\gr2050\\foundly\\web-client\\src\\services\\FileService.js": {"path":"C:\\Users\\Bruker\\Documents\\git\\gr2050\\foundly\\web-client\\src\\services\\FileService.js","statementMap":{"0":{"start":{"line":4,"column":19},"end":{"line":4,"column":33}},"1":{"start":{"line":6,"column":2},"end":{"line":6,"column":32}},"2":{"start":{"line":8,"column":2},"end":{"line":12,"column":5}},"3":{"start":{"line":17,"column":4},"end":{"line":17,"column":36}},"4":{"start":{"line":18,"column":4},"end":{"line":18,"column":24}}},"fnMap":{"0":{"name":"upload","decl":{"start":{"line":3,"column":9},"end":{"line":3,"column":15}},"loc":{"start":{"line":3,"column":22},"end":{"line":13,"column":1}},"line":3},"1":{"name":"(anonymous_1)","decl":{"start":{"line":16,"column":2},"end":{"line":16,"column":3}},"loc":{"start":{"line":16,"column":15},"end":{"line":19,"column":3}},"line":16}},"branchMap":{},"s":{"0":1,"1":1,"2":1,"3":1,"4":1},"f":{"0":1,"1":1},"b":{},"_coverageSchema":"43e27e138ebf9cfc5966b082cf9a028302ed4184","hash":"1ce079cc163a691ce0fe468fa53871a69d06457c"}
}
