TN:
SF:C:\Users\Bruker\Documents\git\gr2050\foundly\web-client\src\App.vue
FN:26,(anonymous_1)
FN:33,(anonymous_2)
FN:37,(anonymous_3)
FN:38,(anonymous_4)
FN:43,(anonymous_5)
FNF:5
FNH:4
FNDA:1,(anonymous_1)
FNDA:2,(anonymous_2)
FNDA:2,(anonymous_3)
FNDA:1,(anonymous_4)
FNDA:0,(anonymous_5)
DA:20,1
DA:21,1
DA:27,1
DA:34,2
DA:35,2
DA:38,2
DA:40,1
DA:41,1
DA:42,1
DA:45,0
LF:10
LH:9
BRF:0
BRH:0
end_of_record
TN:
SF:C:\Users\Bruker\Documents\git\gr2050\foundly\web-client\src\http-common.js
FNF:0
FNH:0
DA:3,4
DA:10,4
DA:11,4
LF:3
LH:3
BRDA:10,0,0,4
BRDA:10,0,1,0
BRF:2
BRH:1
end_of_record
TN:
SF:C:\Users\Bruker\Documents\git\gr2050\foundly\web-client\src\assets\js\filters.js
FN:7,(anonymous_0)
FN:12,(anonymous_1)
FNF:2
FNH:2
FNDA:14,(anonymous_0)
FNDA:8,(anonymous_1)
DA:3,1
DA:4,1
DA:7,1
DA:8,14
DA:12,1
DA:13,8
DA:14,8
DA:16,0
LF:8
LH:7
BRDA:13,0,0,8
BRDA:13,0,1,0
BRF:2
BRH:1
end_of_record
TN:
SF:C:\Users\Bruker\Documents\git\gr2050\foundly\web-client\src\components\FileUpload.vue
FN:48,(anonymous_1)
FN:59,(anonymous_2)
FN:66,(anonymous_3)
FN:74,(anonymous_4)
FN:75,(anonymous_5)
FN:79,(anonymous_6)
FN:89,(anonymous_7)
FNF:7
FNH:7
FNDA:2,(anonymous_1)
FNDA:3,(anonymous_2)
FNDA:4,(anonymous_3)
FNDA:3,(anonymous_4)
FNDA:1,(anonymous_5)
FNDA:1,(anonymous_6)
FNDA:2,(anonymous_7)
DA:44,3
DA:49,2
DA:60,3
DA:61,3
DA:62,3
DA:63,3
DA:64,3
DA:67,4
DA:68,3
DA:70,1
DA:71,1
DA:75,3
DA:77,1
DA:78,1
DA:81,1
DA:82,1
DA:85,3
DA:90,2
LF:18
LH:18
BRDA:67,0,0,3
BRDA:67,0,1,1
BRDA:67,1,0,4
BRDA:67,1,1,4
BRF:4
BRH:4
end_of_record
TN:
SF:C:\Users\Bruker\Documents\git\gr2050\foundly\web-client\src\components\ItemModal.vue
FN:90,(anonymous_1)
FN:119,(anonymous_2)
FN:127,(anonymous_3)
FN:140,(anonymous_4)
FN:146,(anonymous_5)
FNF:5
FNH:4
FNDA:1,(anonymous_1)
FNDA:3,(anonymous_2)
FNDA:12,(anonymous_3)
FNDA:0,(anonymous_4)
FNDA:1,(anonymous_5)
DA:82,2
DA:83,2
DA:91,1
DA:120,3
DA:121,3
DA:128,12
DA:129,12
DA:130,9
DA:132,3
DA:134,3
DA:135,1
DA:137,3
DA:139,3
DA:140,3
DA:141,0
LF:15
LH:14
BRDA:129,0,0,9
BRDA:129,0,1,3
BRDA:134,1,0,1
BRDA:134,1,1,2
BRF:4
BRH:4
end_of_record
TN:
SF:C:\Users\Bruker\Documents\git\gr2050\foundly\web-client\src\components\ItemsList.vue
FN:73,(anonymous_1)
FN:81,(anonymous_2)
FN:84,(anonymous_3)
FN:87,(anonymous_4)
FN:88,(anonymous_5)
FN:90,(anonymous_6)
FN:91,(anonymous_7)
FN:93,(anonymous_8)
FN:94,(anonymous_9)
FN:101,(anonymous_10)
FN:102,(anonymous_11)
FN:107,(anonymous_12)
FN:114,(anonymous_13)
FN:116,(anonymous_14)
FNF:14
FNH:14
FNDA:1,(anonymous_1)
FNDA:5,(anonymous_2)
FNDA:2,(anonymous_3)
FNDA:1,(anonymous_4)
FNDA:4,(anonymous_5)
FNDA:1,(anonymous_6)
FNDA:4,(anonymous_7)
FNDA:6,(anonymous_8)
FNDA:17,(anonymous_9)
FNDA:3,(anonymous_10)
FNDA:1,(anonymous_11)
FNDA:1,(anonymous_12)
FNDA:1,(anonymous_13)
FNDA:1,(anonymous_14)
DA:69,1
DA:74,1
DA:82,5
DA:85,2
DA:88,5
DA:91,5
DA:94,6
DA:95,17
DA:102,3
DA:105,1
DA:106,1
DA:109,1
DA:115,1
DA:116,1
DA:117,1
LF:15
LH:15
BRDA:95,0,0,17
BRDA:95,0,1,5
BRF:2
BRH:2
end_of_record
TN:
SF:C:\Users\Bruker\Documents\git\gr2050\foundly\web-client\src\services\FileService.js
FN:4,(anonymous_0)
FNF:1
FNH:1
FNDA:1,(anonymous_0)
DA:5,1
DA:7,1
DA:9,1
LF:3
LH:3
BRF:0
BRH:0
end_of_record
