TN:
SF:C:\Users\Bruker\Documents\git\gr2050\foundly\web-client\src\App.vue
FN:32,(anonymous_1)
FN:39,(anonymous_2)
FN:43,(anonymous_3)
FN:44,(anonymous_4)
FN:48,(anonymous_5)
FNF:5
FNH:4
FNDA:1,(anonymous_1)
FNDA:2,(anonymous_2)
FNDA:2,(anonymous_3)
FNDA:1,(anonymous_4)
FNDA:0,(anonymous_5)
DA:24,1
DA:25,1
DA:33,1
DA:40,2
DA:41,2
DA:44,2
DA:46,1
DA:47,1
DA:50,0
LF:9
LH:8
BRF:0
BRH:0
end_of_record
TN:
SF:C:\Users\Bruker\Documents\git\gr2050\foundly\web-client\src\http-common.js
FNF:0
FNH:0
DA:3,4
DA:4,4
DA:10,4
LF:3
LH:3
BRDA:10,0,0,4
BRDA:10,0,1,0
BRF:2
BRH:1
end_of_record
TN:
SF:C:\Users\Bruker\Documents\git\gr2050\foundly\web-client\src\assets\js\filters.js
FN:7,(anonymous_0)
FN:10,(anonymous_1)
FNF:2
FNH:2
FNDA:14,(anonymous_0)
FNDA:8,(anonymous_1)
DA:3,1
DA:4,1
DA:7,14
DA:10,1
DA:11,8
DA:12,8
DA:14,0
LF:7
LH:6
BRDA:11,0,0,8
BRDA:11,0,1,0
BRF:2
BRH:1
end_of_record
TN:
SF:C:\Users\Bruker\Documents\git\gr2050\foundly\web-client\src\components\FileUpload.vue
FN:50,(anonymous_1)
FN:61,(anonymous_2)
FN:68,(anonymous_3)
FN:77,(anonymous_4)
FN:78,(anonymous_5)
FN:82,(anonymous_6)
FN:93,(anonymous_7)
FNF:7
FNH:7
FNDA:2,(anonymous_1)
FNDA:3,(anonymous_2)
FNDA:4,(anonymous_3)
FNDA:3,(anonymous_4)
FNDA:1,(anonymous_5)
FNDA:1,(anonymous_6)
FNDA:2,(anonymous_7)
DA:46,3
DA:51,2
DA:62,3
DA:63,3
DA:64,3
DA:65,3
DA:66,3
DA:69,4
DA:71,3
DA:73,1
DA:74,1
DA:78,3
DA:80,1
DA:81,1
DA:84,1
DA:85,1
DA:86,1
DA:89,3
DA:94,2
LF:19
LH:19
BRDA:69,0,0,3
BRDA:69,0,1,1
BRDA:69,1,0,4
BRDA:69,1,1,4
BRF:4
BRH:4
end_of_record
TN:
SF:C:\Users\Bruker\Documents\git\gr2050\foundly\web-client\src\components\ItemModal.vue
FN:104,(anonymous_1)
FN:133,(anonymous_2)
FN:141,(anonymous_3)
FN:154,(anonymous_4)
FN:160,(anonymous_5)
FNF:5
FNH:4
FNDA:1,(anonymous_1)
FNDA:3,(anonymous_2)
FNDA:12,(anonymous_3)
FNDA:0,(anonymous_4)
FNDA:1,(anonymous_5)
DA:91,2
DA:96,2
DA:105,1
DA:134,3
DA:135,3
DA:142,12
DA:143,12
DA:144,9
DA:146,3
DA:148,3
DA:149,1
DA:151,3
DA:153,3
DA:154,3
DA:155,0
LF:15
LH:14
BRDA:143,0,0,9
BRDA:143,0,1,3
BRDA:148,1,0,1
BRDA:148,1,1,2
BRF:4
BRH:4
end_of_record
TN:
SF:C:\Users\Bruker\Documents\git\gr2050\foundly\web-client\src\components\ItemsList.vue
FN:76,(anonymous_1)
FN:84,(anonymous_2)
FN:87,(anonymous_3)
FN:90,(anonymous_4)
FN:91,(anonymous_5)
FN:93,(anonymous_6)
FN:94,(anonymous_7)
FN:96,(anonymous_8)
FN:97,(anonymous_9)
FN:102,(anonymous_10)
FN:103,(anonymous_11)
FN:107,(anonymous_12)
FN:113,(anonymous_13)
FN:115,(anonymous_14)
FNF:14
FNH:14
FNDA:1,(anonymous_1)
FNDA:5,(anonymous_2)
FNDA:2,(anonymous_3)
FNDA:1,(anonymous_4)
FNDA:4,(anonymous_5)
FNDA:1,(anonymous_6)
FNDA:4,(anonymous_7)
FNDA:6,(anonymous_8)
FNDA:17,(anonymous_9)
FNDA:3,(anonymous_10)
FNDA:1,(anonymous_11)
FNDA:1,(anonymous_12)
FNDA:1,(anonymous_13)
FNDA:1,(anonymous_14)
DA:72,1
DA:77,1
DA:85,5
DA:88,2
DA:91,5
DA:94,5
DA:97,23
DA:103,3
DA:106,1
DA:109,1
DA:114,1
DA:115,1
DA:116,1
LF:13
LH:13
BRDA:97,0,0,17
BRDA:97,0,1,5
BRF:2
BRH:2
end_of_record
TN:
SF:C:\Users\Bruker\Documents\git\gr2050\foundly\web-client\src\services\FileService.js
FN:3,upload
FN:16,(anonymous_1)
FNF:2
FNH:2
FNDA:1,upload
FNDA:1,(anonymous_1)
DA:4,1
DA:6,1
DA:8,1
DA:17,1
DA:18,1
LF:5
LH:5
BRF:0
BRH:0
end_of_record
